Removed Pin From Net: NetName=GND Pin=SW1-1
Removed Pin From Net: NetName=V3.3 Pin=SW1-3
Removed Pin From Net: NetName=GND Pin=SW2-1
Removed Pin From Net: NetName=V3.3 Pin=SW2-3
Removed Member From Class: ClassName=SchematicV2 Member=SW2
Change Component Footprint: Designator=SW1 Old Footprint=FP-JS102011SAQN-MFG New Footprint=FP-PTS526SK15SMTR2LFS-MFG
Change Component Comment : Designator=SW1 Old Comment=JS102011SAQN New Comment=PTS526SK15SMTR2LFS
Change Component Designator: OldDesignator=D1 NewDesignator=D2
Change Component Designator: OldDesignator=D2 NewDesignator=D1
Change Component Designator: OldDesignator=R6 NewDesignator=R7
Change Component Designator: OldDesignator=R7 NewDesignator=R6
Change Managed Component Library Link : Designator=SW1 Old VaultGUID=B7D15EC3-160A-466F-A46C-7801FE6295A7 New VaultGUID=B7D15EC3-160A-466F-A46C-7801FE6295A7 Old ItemGUID=B110C6BD-4BD2-42F2-AB43-B7F01C090257 New ItemGUID=77989108-4337-4BFD-83E4-7720FD54C33C Old RevisionGUID=759F9ADE-8BDA-493F-8A13-43B8B829F065 New RevisionGUID=E049E7E0-213D-4AFA-BA8B-BFA4EE57A092
Change component parameters: Designator = "SW1" ("SW1"); Footprint = "FP-JS102011SAQN-MFG"; UniqueID = "\VFVQAOJA" ("\VFVQAOJA")
Change component parameters (AddParameter): Name = "Automotive"; Value = "No"; VariantName = "[No Variations]"
Change component parameters (AddParameter): Name = "Category"; Value = "Switch"; VariantName = "[No Variations]"
Change component parameters (AddParameter): Name = "ComponentLink2Description"; Value = "Datasheet"; VariantName = "[No Variations]"
Change component parameters (AddParameter): Name = "ComponentLink2URL"; Value = "https://www.ckswitches.com/media/2780/pts526.pdf"; VariantName = "[No Variations]"
Change component parameters (AddParameter): Name = "Contact Current Rating"; Value = "50mA"; VariantName = "[No Variations]"
Change component parameters (AddParameter): Name = "Contact Resistance"; Value = "100mO"; VariantName = "[No Variations]"
Change component parameters (AddParameter): Name = "Device Class L1"; Value = "Electromechanical"; VariantName = "[No Variations]"
Change component parameters (AddParameter): Name = "Device Class L2"; Value = "Switches"; VariantName = "[No Variations]"
Change component parameters (AddParameter): Name = "Device Class L3"; Value = "Tactile Switches"; VariantName = "[No Variations]"
Change component parameters (AddParameter): Name = "Digikey Description"; Value = "TACT 5.2 X 5.2, 1.5 MM H, 260GF,"; VariantName = "[No Variations]"
Change component parameters (AddParameter): Name = "Electromechanical Life"; Value = "200000Cycles"; VariantName = "[No Variations]"
Change component parameters (AddParameter): Name = "Height"; Value = "1.65mm"; VariantName = "[No Variations]"
Change component parameters (AddParameter): Name = "Lead Free"; Value = "Yes"; VariantName = "[No Variations]"
Change component parameters (AddParameter): Name = "Manufacturer"; Value = "C&K"; VariantName = "[No Variations]"
Change component parameters (AddParameter): Name = "Manufacturer Part Number"; Value = "PTS526SK15SMTR2LFS"; VariantName = "[No Variations]"
Change component parameters (AddParameter): Name = "Octopart"; Value = "https://octopart.com/pts526+sk15+smtr2+lfs-c%26k+components-100617999"; VariantName = "[No Variations]"
Change component parameters (AddParameter): Name = "Operating Force"; Value = "250gf"; VariantName = "[No Variations]"
Change component parameters (AddParameter): Name = "Package"; Value = "PTS526SK15SMTR2LFS"; VariantName = "[No Variations]"
Change component parameters (AddParameter): Name = "RoHS"; Value = "TRUE"; VariantName = "[No Variations]"
Change component parameters (AddParameter): Name = "Standoff Height"; Value = "0mm"; VariantName = "[No Variations]"
Change component parameters (AddParameter): Name = "Temperature"; Value = "-20°C to +70°C"; VariantName = "[No Variations]"
Change component parameters (AddParameter): Name = "Temperature Range High"; Value = "+70°C"; VariantName = "[No Variations]"
Change component parameters (AddParameter): Name = "Temperature Range Low"; Value = "-20°C"; VariantName = "[No Variations]"
Change component parameters (AddParameter): Name = "Throw Configuration"; Value = "SPST-NO"; VariantName = "[No Variations]"
Change component parameters (AddParameter): Name = "Voltage Rating Dc"; Value = "12V"; VariantName = "[No Variations]"
Added Pin To Net: NetName=GND Pin=MT1-1
Added Pin To Net: NetName=V3.3 Pin=SW1-1
Added Pin To Net: NetName=GND Pin=SW1-3
Change Net Name : Old Net Name=GND New Net Name=AP_SDO
Change Net Name : Old Net Name=NetD1_2 New Net Name=NetD2_2
Change Net Name : Old Net Name=NetD2_2 New Net Name=NetD1_2
Change Net Name : Old Net Name=NetR6_2 New Net Name=NetR7_2
Change Net Name : Old Net Name=NetR7_2 New Net Name=NetR6_2
Change Class Name : Old Net Name=SchematicV2 New Net Name=SchematicV3
Added Member To Class: ClassName=SchematicV3 Member=Component R7 CRCW120682R0FKEA
Added Rule: Name=Schematic Supply Nets_1
